manifest_merge_blame_file/debug/manifest-merger-blame-debug-report.txt
1<?xml version="1.0" encoding="utf-8"?>
2<manifest xmlns:android="http://schemas.android.com/apk/res/android"
3    package="com.example.iniciar"
4    android:versionCode="1"
5    android:versionName="1.0" >
6
7    <uses-sdk
8        android:minSdkVersion="21"
8-->src\main\AndroidManifest.xml
9        android:targetSdkVersion="30" />
9-->src\main\AndroidManifest.xml
10
11    <application
11-->src\main\AndroidManifest.xml:5:5-39:19
12        android:allowBackup="true"
12-->src\main\AndroidManifest.xml:6:9-35
13        android:appComponentFactory="androidx.core.app.CoreComponentFactory"
13-->[androidx.core:core:1.3.1] AndroidManifest.xml:24:18-86
14        android:debuggable="true"
15        android:icon="@mipmap/ic_launcher"
15-->src\main\AndroidManifest.xml:7:9-43
16        android:label="@string/app_name"
16-->src\main\AndroidManifest.xml:8:9-41
17        android:roundIcon="@mipmap/ic_launcher_round"
17-->src\main\AndroidManifest.xml:9:9-54
18        android:supportsRtl="true"
18-->src\main\AndroidManifest.xml:10:9-35
19        android:testOnly="true"
20        android:theme="@style/AppTheme" >
20-->src\main\AndroidManifest.xml:11:9-40
21        <activity android:name="com.example.iniciar.comprobante" />
21-->src\main\AndroidManifest.xml:12:9-58
21-->src\main\AndroidManifest.xml:12:19-46
22        <activity android:name="com.example.iniciar.buscarventas" />
22-->src\main\AndroidManifest.xml:13:9-50
22-->src\main\AndroidManifest.xml:13:19-47
23        <activity android:name="com.example.iniciar.realventas" />
23-->src\main\AndroidManifest.xml:14:9-48
23-->src\main\AndroidManifest.xml:14:19-45
24        <activity android:name="com.example.iniciar.detalleventas" />
24-->src\main\AndroidManifest.xml:15:9-51
24-->src\main\AndroidManifest.xml:15:19-48
25        <activity android:name="com.example.iniciar.ventas" />
25-->src\main\AndroidManifest.xml:16:9-44
25-->src\main\AndroidManifest.xml:16:19-41
26        <activity android:name="com.example.iniciar.eliminarproducto" />
26-->src\main\AndroidManifest.xml:17:9-54
26-->src\main\AndroidManifest.xml:17:19-51
27        <activity android:name="com.example.iniciar.buscarproduc" />
27-->src\main\AndroidManifest.xml:18:9-50
27-->src\main\AndroidManifest.xml:18:19-47
28        <activity android:name="com.example.iniciar.agregarproduc" />
28-->src\main\AndroidManifest.xml:19:9-51
28-->src\main\AndroidManifest.xml:19:19-48
29        <activity android:name="com.example.iniciar.productos" />
29-->src\main\AndroidManifest.xml:20:9-47
29-->src\main\AndroidManifest.xml:20:19-44
30        <activity android:name="com.example.iniciar.agregarempleados" />
30-->src\main\AndroidManifest.xml:21:9-54
30-->src\main\AndroidManifest.xml:21:19-51
31        <activity android:name="com.example.iniciar.menuempleados" />
31-->src\main\AndroidManifest.xml:22:9-51
31-->src\main\AndroidManifest.xml:22:19-48
32        <activity android:name="com.example.iniciar.buscarempleados" />
32-->src\main\AndroidManifest.xml:23:9-53
32-->src\main\AndroidManifest.xml:23:19-50
33        <activity android:name="com.example.iniciar.searchclientes" />
33-->src\main\AndroidManifest.xml:24:9-52
33-->src\main\AndroidManifest.xml:24:19-49
34        <activity android:name="com.example.iniciar.clientes" />
34-->src\main\AndroidManifest.xml:25:9-46
34-->src\main\AndroidManifest.xml:25:19-43
35        <activity android:name="com.example.iniciar.buscarusuario" />
35-->src\main\AndroidManifest.xml:26:9-51
35-->src\main\AndroidManifest.xml:26:19-48
36        <activity android:name="com.example.iniciar.usuarioagr" />
36-->src\main\AndroidManifest.xml:27:9-48
36-->src\main\AndroidManifest.xml:27:19-45
37        <activity android:name="com.example.iniciar.searchgrup" />
37-->src\main\AndroidManifest.xml:28:9-48
37-->src\main\AndroidManifest.xml:28:19-45
38        <activity android:name="com.example.iniciar.grupos" />
38-->src\main\AndroidManifest.xml:29:9-44
38-->src\main\AndroidManifest.xml:29:19-41
39        <activity android:name="com.example.iniciar.autenticacion" />
39-->src\main\AndroidManifest.xml:30:9-51
39-->src\main\AndroidManifest.xml:30:19-48
40        <activity android:name="com.example.iniciar.inicioActivity" />
40-->src\main\AndroidManifest.xml:31:9-52
40-->src\main\AndroidManifest.xml:31:19-49
41        <activity android:name="com.example.iniciar.MainActivity" >
41-->src\main\AndroidManifest.xml:32:9-38:20
41-->src\main\AndroidManifest.xml:32:19-47
42            <intent-filter>
42-->src\main\AndroidManifest.xml:33:13-37:29
43                <action android:name="android.intent.action.MAIN" />
43-->src\main\AndroidManifest.xml:34:17-69
43-->src\main\AndroidManifest.xml:34:25-66
44
45                <category android:name="android.intent.category.LAUNCHER" />
45-->src\main\AndroidManifest.xml:36:17-77
45-->src\main\AndroidManifest.xml:36:27-74
46            </intent-filter>
47        </activity>
48    </application>
49
50</manifest>